[2026-04-10T02:45:47.062+0000] {manager.py:470} INFO - Processing files using up to 2 processes at a time 
[2026-04-10T02:45:47.076+0000] {manager.py:471} INFO - Process each file at most once every 30 seconds
[2026-04-10T02:45:47.082+0000] {manager.py:472} INFO - Checking for new files in /opt/airflow/dags every 300 seconds
[2026-04-10T02:45:47.085+0000] {manager.py:737} INFO - Searching for files in /opt/airflow/dags
[2026-04-10T02:45:47.109+0000] {manager.py:740} INFO - There are 0 files in /opt/airflow/dags
[2026-04-10T02:46:32.645+0000] {manager.py:452} INFO - Exiting gracefully upon receiving signal 15
[2026-04-10T02:48:15.962+0000] {manager.py:470} INFO - Processing files using up to 2 processes at a time 
[2026-04-10T02:48:15.964+0000] {manager.py:471} INFO - Process each file at most once every 30 seconds
[2026-04-10T02:48:15.967+0000] {manager.py:472} INFO - Checking for new files in /opt/airflow/dags every 300 seconds
[2026-04-10T02:48:15.970+0000] {manager.py:737} INFO - Searching for files in /opt/airflow/dags
[2026-04-10T02:48:15.988+0000] {manager.py:740} INFO - There are 0 files in /opt/airflow/dags
[2026-04-10T02:53:16.465+0000] {manager.py:737} INFO - Searching for files in /opt/airflow/dags
[2026-04-10T02:53:16.481+0000] {manager.py:740} INFO - There are 0 files in /opt/airflow/dags
[2026-04-10T02:58:16.996+0000] {manager.py:737} INFO - Searching for files in /opt/airflow/dags
[2026-04-10T02:58:17.033+0000] {manager.py:740} INFO - There are 0 files in /opt/airflow/dags
[2026-04-10T03:03:17.565+0000] {manager.py:737} INFO - Searching for files in /opt/airflow/dags
[2026-04-10T03:03:17.582+0000] {manager.py:740} INFO - There are 0 files in /opt/airflow/dags
[2026-04-10T03:08:18.154+0000] {manager.py:737} INFO - Searching for files in /opt/airflow/dags
[2026-04-10T03:08:18.169+0000] {manager.py:740} INFO - There are 0 files in /opt/airflow/dags
[2026-04-10T03:13:18.652+0000] {manager.py:737} INFO - Searching for files in /opt/airflow/dags
[2026-04-10T03:13:18.674+0000] {manager.py:740} INFO - There are 0 files in /opt/airflow/dags
[2026-04-10T03:18:19.517+0000] {manager.py:737} INFO - Searching for files in /opt/airflow/dags
[2026-04-10T03:18:19.737+0000] {manager.py:740} INFO - There are 0 files in /opt/airflow/dags
[2026-04-10T03:23:20.350+0000] {manager.py:737} INFO - Searching for files in /opt/airflow/dags
[2026-04-10T03:23:20.365+0000] {manager.py:740} INFO - There are 0 files in /opt/airflow/dags
[2026-04-10T03:28:20.715+0000] {manager.py:737} INFO - Searching for files in /opt/airflow/dags
[2026-04-10T03:28:20.729+0000] {manager.py:740} INFO - There are 0 files in /opt/airflow/dags
[2026-04-10T03:33:21.129+0000] {manager.py:737} INFO - Searching for files in /opt/airflow/dags
[2026-04-10T03:33:21.148+0000] {manager.py:740} INFO - There are 0 files in /opt/airflow/dags
[2026-04-10T03:38:21.533+0000] {manager.py:737} INFO - Searching for files in /opt/airflow/dags
[2026-04-10T03:38:21.557+0000] {manager.py:740} INFO - There are 0 files in /opt/airflow/dags
[2026-04-10T03:43:21.955+0000] {manager.py:737} INFO - Searching for files in /opt/airflow/dags
[2026-04-10T03:43:21.969+0000] {manager.py:740} INFO - There are 0 files in /opt/airflow/dags
[2026-04-10T03:48:22.360+0000] {manager.py:737} INFO - Searching for files in /opt/airflow/dags
[2026-04-10T03:48:22.375+0000] {manager.py:740} INFO - There are 0 files in /opt/airflow/dags
[2026-04-10T03:53:22.808+0000] {manager.py:737} INFO - Searching for files in /opt/airflow/dags
[2026-04-10T03:53:22.820+0000] {manager.py:740} INFO - There are 0 files in /opt/airflow/dags
[2026-04-10T03:58:23.209+0000] {manager.py:737} INFO - Searching for files in /opt/airflow/dags
[2026-04-10T03:58:23.227+0000] {manager.py:740} INFO - There are 0 files in /opt/airflow/dags
[2026-04-10T04:03:24.026+0000] {manager.py:737} INFO - Searching for files in /opt/airflow/dags
[2026-04-10T04:03:24.044+0000] {manager.py:740} INFO - There are 0 files in /opt/airflow/dags
[2026-04-10T04:08:24.836+0000] {manager.py:737} INFO - Searching for files in /opt/airflow/dags
[2026-04-10T04:08:24.939+0000] {manager.py:740} INFO - There are 0 files in /opt/airflow/dags
[2026-04-10T04:13:24.907+0000] {manager.py:737} INFO - Searching for files in /opt/airflow/dags
[2026-04-10T04:13:24.919+0000] {manager.py:740} INFO - There are 0 files in /opt/airflow/dags
[2026-04-10T04:18:25.348+0000] {manager.py:737} INFO - Searching for files in /opt/airflow/dags
[2026-04-10T04:18:25.360+0000] {manager.py:740} INFO - There are 0 files in /opt/airflow/dags
[2026-04-10T04:23:25.771+0000] {manager.py:737} INFO - Searching for files in /opt/airflow/dags
[2026-04-10T04:23:25.785+0000] {manager.py:740} INFO - There are 0 files in /opt/airflow/dags
[2026-04-10T04:28:26.207+0000] {manager.py:737} INFO - Searching for files in /opt/airflow/dags
[2026-04-10T04:28:26.220+0000] {manager.py:740} INFO - There are 0 files in /opt/airflow/dags
[2026-04-10T04:33:26.626+0000] {manager.py:737} INFO - Searching for files in /opt/airflow/dags
[2026-04-10T04:33:26.638+0000] {manager.py:740} INFO - There are 0 files in /opt/airflow/dags
[2026-04-10T04:38:27.027+0000] {manager.py:737} INFO - Searching for files in /opt/airflow/dags
[2026-04-10T04:38:27.038+0000] {manager.py:740} INFO - There are 0 files in /opt/airflow/dags
[2026-04-10T04:43:27.451+0000] {manager.py:737} INFO - Searching for files in /opt/airflow/dags
[2026-04-10T04:43:27.470+0000] {manager.py:740} INFO - There are 0 files in /opt/airflow/dags
[2026-04-10T04:48:27.869+0000] {manager.py:737} INFO - Searching for files in /opt/airflow/dags
[2026-04-10T04:48:27.883+0000] {manager.py:740} INFO - There are 0 files in /opt/airflow/dags
[2026-04-10T04:53:28.322+0000] {manager.py:737} INFO - Searching for files in /opt/airflow/dags
[2026-04-10T04:53:28.344+0000] {manager.py:740} INFO - There are 0 files in /opt/airflow/dags
[2026-04-10T04:58:28.751+0000] {manager.py:737} INFO - Searching for files in /opt/airflow/dags
[2026-04-10T04:58:28.765+0000] {manager.py:740} INFO - There are 0 files in /opt/airflow/dags
[2026-04-10T05:03:28.850+0000] {manager.py:737} INFO - Searching for files in /opt/airflow/dags
[2026-04-10T05:03:28.871+0000] {manager.py:740} INFO - There are 0 files in /opt/airflow/dags
[2026-04-10T05:08:29.515+0000] {manager.py:737} INFO - Searching for files in /opt/airflow/dags
[2026-04-10T05:08:29.534+0000] {manager.py:740} INFO - There are 0 files in /opt/airflow/dags
[2026-04-10T05:13:30.096+0000] {manager.py:737} INFO - Searching for files in /opt/airflow/dags
[2026-04-10T05:13:30.112+0000] {manager.py:740} INFO - There are 0 files in /opt/airflow/dags
[2026-04-10T05:18:30.693+0000] {manager.py:737} INFO - Searching for files in /opt/airflow/dags
[2026-04-10T05:18:30.712+0000] {manager.py:740} INFO - There are 1 files in /opt/airflow/dags
[2026-04-10T05:18:39.123+0000] {manager.py:878} INFO - 
================================================================================
DAG File Processing Stats

File Path                     PID    Runtime      # DAGs    # Errors  Last Runtime    Last Run
----------------------------  -----  ---------  --------  ----------  --------------  -------------------
/opt/airflow/dags/etl_dag.py                           1           0  3.15s           2026-04-10T05:18:34
================================================================================
[2026-04-10T05:19:09.362+0000] {manager.py:878} INFO - 
================================================================================
DAG File Processing Stats

File Path                     PID    Runtime      # DAGs    # Errors  Last Runtime    Last Run
----------------------------  -----  ---------  --------  ----------  --------------  -------------------
/opt/airflow/dags/etl_dag.py                           1           0  0.71s           2026-04-10T05:19:05
================================================================================
[2026-04-10T05:19:39.614+0000] {manager.py:878} INFO - 
================================================================================
DAG File Processing Stats

File Path                     PID    Runtime      # DAGs    # Errors  Last Runtime    Last Run
----------------------------  -----  ---------  --------  ----------  --------------  -------------------
/opt/airflow/dags/etl_dag.py                           1           0  0.64s           2026-04-10T05:19:35
================================================================================
[2026-04-10T05:20:09.841+0000] {manager.py:878} INFO - 
================================================================================
DAG File Processing Stats

File Path                     PID    Runtime      # DAGs    # Errors  Last Runtime    Last Run
----------------------------  -----  ---------  --------  ----------  --------------  -------------------
/opt/airflow/dags/etl_dag.py                           1           0  0.72s           2026-04-10T05:20:06
================================================================================
[2026-04-10T05:20:40.129+0000] {manager.py:878} INFO - 
================================================================================
DAG File Processing Stats

File Path                     PID    Runtime      # DAGs    # Errors  Last Runtime    Last Run
----------------------------  -----  ---------  --------  ----------  --------------  -------------------
/opt/airflow/dags/etl_dag.py                           1           0  0.71s           2026-04-10T05:20:37
================================================================================
[2026-04-10T05:21:10.360+0000] {manager.py:878} INFO - 
================================================================================
DAG File Processing Stats

File Path                     PID    Runtime      # DAGs    # Errors  Last Runtime    Last Run
----------------------------  -----  ---------  --------  ----------  --------------  -------------------
/opt/airflow/dags/etl_dag.py                           1           0  0.71s           2026-04-10T05:21:08
================================================================================
[2026-04-10T05:21:40.627+0000] {manager.py:878} INFO - 
================================================================================
DAG File Processing Stats

File Path                     PID    Runtime      # DAGs    # Errors  Last Runtime    Last Run
----------------------------  -----  ---------  --------  ----------  --------------  -------------------
/opt/airflow/dags/etl_dag.py                           1           0  0.64s           2026-04-10T05:21:39
================================================================================
[2026-04-10T05:21:55.378+0000] {manager.py:452} INFO - Exiting gracefully upon receiving signal 15
[2026-04-10T05:32:33.876+0000] {manager.py:470} INFO - Processing files using up to 2 processes at a time 
[2026-04-10T05:32:33.880+0000] {manager.py:471} INFO - Process each file at most once every 30 seconds
[2026-04-10T05:32:33.882+0000] {manager.py:472} INFO - Checking for new files in /opt/airflow/dags every 300 seconds
[2026-04-10T05:32:33.884+0000] {manager.py:737} INFO - Searching for files in /opt/airflow/dags
[2026-04-10T05:32:33.935+0000] {manager.py:740} INFO - There are 1 files in /opt/airflow/dags
[2026-04-10T05:32:34.186+0000] {manager.py:878} INFO - 
================================================================================
DAG File Processing Stats

File Path                       PID  Runtime      # DAGs    # Errors  Last Runtime    Last Run
----------------------------  -----  ---------  --------  ----------  --------------  ----------
/opt/airflow/dags/etl_dag.py    185  0.08s             0           0
================================================================================
[2026-04-10T05:33:04.421+0000] {manager.py:878} INFO - 
================================================================================
DAG File Processing Stats

File Path                     PID    Runtime      # DAGs    # Errors  Last Runtime    Last Run
----------------------------  -----  ---------  --------  ----------  --------------  -------------------
/opt/airflow/dags/etl_dag.py                           1           0  2.43s           2026-04-10T05:32:36
================================================================================
[2026-04-10T05:33:34.662+0000] {manager.py:878} INFO - 
================================================================================
DAG File Processing Stats

File Path                     PID    Runtime      # DAGs    # Errors  Last Runtime    Last Run
----------------------------  -----  ---------  --------  ----------  --------------  -------------------
/opt/airflow/dags/etl_dag.py                           1           0  0.90s           2026-04-10T05:33:07
================================================================================
[2026-04-10T05:34:04.882+0000] {manager.py:878} INFO - 
================================================================================
DAG File Processing Stats

File Path                     PID    Runtime      # DAGs    # Errors  Last Runtime    Last Run
----------------------------  -----  ---------  --------  ----------  --------------  -------------------
/opt/airflow/dags/etl_dag.py                           1           0  1.01s           2026-04-10T05:33:38
================================================================================
[2026-04-10T05:34:35.135+0000] {manager.py:878} INFO - 
================================================================================
DAG File Processing Stats

File Path                     PID    Runtime      # DAGs    # Errors  Last Runtime    Last Run
----------------------------  -----  ---------  --------  ----------  --------------  -------------------
/opt/airflow/dags/etl_dag.py                           1           0  0.74s           2026-04-10T05:34:09
================================================================================
[2026-04-10T05:35:05.375+0000] {manager.py:878} INFO - 
================================================================================
DAG File Processing Stats

File Path                     PID    Runtime      # DAGs    # Errors  Last Runtime    Last Run
----------------------------  -----  ---------  --------  ----------  --------------  -------------------
/opt/airflow/dags/etl_dag.py                           1           0  0.68s           2026-04-10T05:34:40
================================================================================
[2026-04-10T05:35:36.308+0000] {manager.py:878} INFO - 
================================================================================
DAG File Processing Stats

File Path                     PID    Runtime      # DAGs    # Errors  Last Runtime    Last Run
----------------------------  -----  ---------  --------  ----------  --------------  -------------------
/opt/airflow/dags/etl_dag.py                           1           0  1.03s           2026-04-10T05:35:12
================================================================================
[2026-04-10T05:36:06.600+0000] {manager.py:878} INFO - 
================================================================================
DAG File Processing Stats

File Path                     PID    Runtime      # DAGs    # Errors  Last Runtime    Last Run
----------------------------  -----  ---------  --------  ----------  --------------  -------------------
/opt/airflow/dags/etl_dag.py                           1           0  1.26s           2026-04-10T05:35:43
================================================================================
[2026-04-10T05:36:37.033+0000] {manager.py:878} INFO - 
================================================================================
DAG File Processing Stats

File Path                     PID    Runtime      # DAGs    # Errors  Last Runtime    Last Run
----------------------------  -----  ---------  --------  ----------  --------------  -------------------
/opt/airflow/dags/etl_dag.py                           1           0  0.72s           2026-04-10T05:36:14
================================================================================
[2026-04-10T05:37:07.800+0000] {manager.py:878} INFO - 
================================================================================
DAG File Processing Stats

File Path                     PID    Runtime      # DAGs    # Errors  Last Runtime    Last Run
----------------------------  -----  ---------  --------  ----------  --------------  -------------------
/opt/airflow/dags/etl_dag.py                           1           0  1.42s           2026-04-10T05:36:46
================================================================================
[2026-04-10T05:37:34.046+0000] {manager.py:737} INFO - Searching for files in /opt/airflow/dags
[2026-04-10T05:37:34.120+0000] {manager.py:740} INFO - There are 1 files in /opt/airflow/dags
[2026-04-10T05:37:38.367+0000] {manager.py:878} INFO - 
================================================================================
DAG File Processing Stats

File Path                     PID    Runtime      # DAGs    # Errors  Last Runtime    Last Run
----------------------------  -----  ---------  --------  ----------  --------------  -------------------
/opt/airflow/dags/etl_dag.py                           1           0  0.99s           2026-04-10T05:37:17
================================================================================
[2026-04-10T05:38:08.628+0000] {manager.py:878} INFO - 
================================================================================
DAG File Processing Stats

File Path                     PID    Runtime      # DAGs    # Errors  Last Runtime    Last Run
----------------------------  -----  ---------  --------  ----------  --------------  -------------------
/opt/airflow/dags/etl_dag.py                           1           0  1.67s           2026-04-10T05:37:50
================================================================================
[2026-04-10T05:38:38.888+0000] {manager.py:878} INFO - 
================================================================================
DAG File Processing Stats

File Path                     PID    Runtime      # DAGs    # Errors  Last Runtime    Last Run
----------------------------  -----  ---------  --------  ----------  --------------  -------------------
/opt/airflow/dags/etl_dag.py                           1           0  0.68s           2026-04-10T05:38:21
================================================================================
[2026-04-10T05:39:09.136+0000] {manager.py:878} INFO - 
================================================================================
DAG File Processing Stats

File Path                     PID    Runtime      # DAGs    # Errors  Last Runtime    Last Run
----------------------------  -----  ---------  --------  ----------  --------------  -------------------
/opt/airflow/dags/etl_dag.py                           1           0  0.73s           2026-04-10T05:38:52
================================================================================
[2026-04-10T05:39:39.313+0000] {manager.py:878} INFO - 
================================================================================
DAG File Processing Stats

File Path                     PID    Runtime      # DAGs    # Errors  Last Runtime    Last Run
----------------------------  -----  ---------  --------  ----------  --------------  -------------------
/opt/airflow/dags/etl_dag.py                           1           0  0.93s           2026-04-10T05:39:23
================================================================================
[2026-04-10T05:40:09.498+0000] {manager.py:878} INFO - 
================================================================================
DAG File Processing Stats

File Path                     PID    Runtime      # DAGs    # Errors  Last Runtime    Last Run
----------------------------  -----  ---------  --------  ----------  --------------  -------------------
/opt/airflow/dags/etl_dag.py                           1           0  0.92s           2026-04-10T05:39:54
================================================================================
[2026-04-10T05:40:39.831+0000] {manager.py:878} INFO - 
================================================================================
DAG File Processing Stats

File Path                     PID    Runtime      # DAGs    # Errors  Last Runtime    Last Run
----------------------------  -----  ---------  --------  ----------  --------------  -------------------
/opt/airflow/dags/etl_dag.py                           1           0  0.73s           2026-04-10T05:40:25
================================================================================
[2026-04-10T05:41:10.052+0000] {manager.py:878} INFO - 
================================================================================
DAG File Processing Stats

File Path                     PID    Runtime      # DAGs    # Errors  Last Runtime    Last Run
----------------------------  -----  ---------  --------  ----------  --------------  -------------------
/opt/airflow/dags/etl_dag.py                           1           0  0.56s           2026-04-10T05:40:56
================================================================================
[2026-04-10T05:41:40.483+0000] {manager.py:878} INFO - 
================================================================================
DAG File Processing Stats

File Path                     PID    Runtime      # DAGs    # Errors  Last Runtime    Last Run
----------------------------  -----  ---------  --------  ----------  --------------  -------------------
/opt/airflow/dags/etl_dag.py                           1           0  1.22s           2026-04-10T05:41:27
================================================================================
[2026-04-10T05:42:10.747+0000] {manager.py:878} INFO - 
================================================================================
DAG File Processing Stats

File Path                     PID    Runtime      # DAGs    # Errors  Last Runtime    Last Run
----------------------------  -----  ---------  --------  ----------  --------------  -------------------
/opt/airflow/dags/etl_dag.py                           1           0  0.64s           2026-04-10T05:41:58
================================================================================
[2026-04-10T05:42:34.283+0000] {manager.py:737} INFO - Searching for files in /opt/airflow/dags
[2026-04-10T05:42:34.317+0000] {manager.py:740} INFO - There are 1 files in /opt/airflow/dags
[2026-04-10T05:42:41.013+0000] {manager.py:878} INFO - 
================================================================================
DAG File Processing Stats

File Path                     PID    Runtime      # DAGs    # Errors  Last Runtime    Last Run
----------------------------  -----  ---------  --------  ----------  --------------  -------------------
/opt/airflow/dags/etl_dag.py                           1           0  0.67s           2026-04-10T05:42:29
================================================================================
[2026-04-10T05:43:11.293+0000] {manager.py:878} INFO - 
================================================================================
DAG File Processing Stats

File Path                     PID    Runtime      # DAGs    # Errors  Last Runtime    Last Run
----------------------------  -----  ---------  --------  ----------  --------------  -------------------
/opt/airflow/dags/etl_dag.py                           1           0  0.67s           2026-04-10T05:43:00
================================================================================
[2026-04-10T05:43:41.833+0000] {manager.py:878} INFO - 
================================================================================
DAG File Processing Stats

File Path                     PID    Runtime      # DAGs    # Errors  Last Runtime    Last Run
----------------------------  -----  ---------  --------  ----------  --------------  -------------------
/opt/airflow/dags/etl_dag.py                           1           0  0.67s           2026-04-10T05:43:31
================================================================================
[2026-04-10T05:44:12.079+0000] {manager.py:878} INFO - 
================================================================================
DAG File Processing Stats

File Path                     PID    Runtime      # DAGs    # Errors  Last Runtime    Last Run
----------------------------  -----  ---------  --------  ----------  --------------  -------------------
/opt/airflow/dags/etl_dag.py                           1           0  0.70s           2026-04-10T05:44:02
================================================================================
[2026-04-10T05:44:42.405+0000] {manager.py:878} INFO - 
================================================================================
DAG File Processing Stats

File Path                     PID    Runtime      # DAGs    # Errors  Last Runtime    Last Run
----------------------------  -----  ---------  --------  ----------  --------------  -------------------
/opt/airflow/dags/etl_dag.py                           1           0  0.54s           2026-04-10T05:44:32
================================================================================
[2026-04-10T05:45:12.667+0000] {manager.py:878} INFO - 
================================================================================
DAG File Processing Stats

File Path                     PID    Runtime      # DAGs    # Errors  Last Runtime    Last Run
----------------------------  -----  ---------  --------  ----------  --------------  -------------------
/opt/airflow/dags/etl_dag.py                           1           0  0.61s           2026-04-10T05:45:03
================================================================================
[2026-04-10T05:45:42.951+0000] {manager.py:878} INFO - 
================================================================================
DAG File Processing Stats

File Path                     PID    Runtime      # DAGs    # Errors  Last Runtime    Last Run
----------------------------  -----  ---------  --------  ----------  --------------  -------------------
/opt/airflow/dags/etl_dag.py                           1           0  0.70s           2026-04-10T05:45:34
================================================================================
[2026-04-10T05:46:13.161+0000] {manager.py:878} INFO - 
================================================================================
DAG File Processing Stats

File Path                     PID    Runtime      # DAGs    # Errors  Last Runtime    Last Run
----------------------------  -----  ---------  --------  ----------  --------------  -------------------
/opt/airflow/dags/etl_dag.py                           1           0  0.59s           2026-04-10T05:46:05
================================================================================
[2026-04-10T05:46:43.324+0000] {manager.py:878} INFO - 
================================================================================
DAG File Processing Stats

File Path                     PID    Runtime      # DAGs    # Errors  Last Runtime    Last Run
----------------------------  -----  ---------  --------  ----------  --------------  -------------------
/opt/airflow/dags/etl_dag.py                           1           0  0.61s           2026-04-10T05:46:36
================================================================================
[2026-04-10T05:47:13.943+0000] {manager.py:878} INFO - 
================================================================================
DAG File Processing Stats

File Path                     PID    Runtime      # DAGs    # Errors  Last Runtime    Last Run
----------------------------  -----  ---------  --------  ----------  --------------  -------------------
/opt/airflow/dags/etl_dag.py                           1           0  0.69s           2026-04-10T05:47:07
================================================================================
